<?xml version="1.0" encoding="UTF-8"?>
<!-- Generated by org.testng.reporters.JUnitReportReporter -->
<testsuite hostname="Dineshkumar" failures="0" tests="2" name="com.testng.Groping_Test" time="0.010" errors="0" timestamp="2024-11-13T14:22:16 IST" skipped="0">
  <testcase classname="com.testng.Groping_Test" name="mobileNmae" time="0.002"/>
  <testcase classname="com.testng.Groping_Test" name="mobileId" time="0.008"/>
</testsuite> <!-- com.testng.Groping_Test -->
