<?xml version="1.0" encoding="UTF-8"?>
<!-- Generated by org.testng.reporters.JUnitReportReporter -->
<testsuite hostname="Dineshkumar" failures="0" tests="4" name="com.testng.TestNG_Annotations" time="0.015" errors="0" timestamp="2024-11-12T14:18:03 IST" skipped="0">
  <testcase classname="com.testng.TestNG_Annotations" name="mobileNmae" time="0.001"/>
  <testcase classname="com.testng.TestNG_Annotations" name="mobileColor" time="0.012"/>
  <testcase classname="com.testng.TestNG_Annotations" name="mobileId" time="0.001"/>
  <testcase classname="com.testng.TestNG_Annotations" name="mobileModel" time="0.001"/>
</testsuite> <!-- com.testng.TestNG_Annotations -->
