<?xml version="1.0" encoding="UTF-8"?>
<!-- Generated by org.testng.reporters.JUnitReportReporter -->
<testsuite hostname="Dineshkumar" failures="0" tests="4" name="com.testng.Depends_On_Methods" time="0.011" errors="0" timestamp="2024-11-12T14:33:23 IST" skipped="0">
  <testcase classname="com.testng.Depends_On_Methods" name="mobileName" time="0.009"/>
  <testcase classname="com.testng.Depends_On_Methods" name="mobileModel" time="0.001"/>
  <testcase classname="com.testng.Depends_On_Methods" name="mobileId" time="0.000"/>
  <testcase classname="com.testng.Depends_On_Methods" name="mobileColor" time="0.001"/>
</testsuite> <!-- com.testng.Depends_On_Methods -->
