<?xml version="1.0" encoding="UTF-8"?>
<!-- Generated by org.testng.reporters.JUnitReportReporter -->
<testsuite hostname="Dineshkumar" failures="0" tests="4" name="com.testng.Expected_Exception" time="0.013" errors="0" timestamp="2024-11-12T14:44:23 IST" skipped="0">
  <testcase classname="com.testng.Expected_Exception" name="mobileNmae" time="0.001"/>
  <testcase classname="com.testng.Expected_Exception" name="mobileId" time="0.000"/>
  <testcase classname="com.testng.Expected_Exception" name="mobileColor" time="0.010"/>
  <testcase classname="com.testng.Expected_Exception" name="mobileModel" time="0.002"/>
</testsuite> <!-- com.testng.Expected_Exception -->
