<?xml version="1.0" encoding="UTF-8"?>
<!-- Generated by org.testng.reporters.JUnitReportReporter -->
<testsuite hostname="Dineshkumar" failures="0" tests="4" name="com.testng.TestP" time="0.014" errors="0" timestamp="2024-11-12T14:25:26 IST" skipped="0">
  <testcase classname="com.testng.TestP" name="mobileModel" time="0.008"/>
  <testcase classname="com.testng.TestP" name="mobileNmae" time="0.001"/>
  <testcase classname="com.testng.TestP" name="mobileColor" time="0.002"/>
  <testcase classname="com.testng.TestP" name="mobileId" time="0.003"/>
</testsuite> <!-- com.testng.TestP -->
