<?xml version="1.0" encoding="UTF-8"?>
<!-- Generated by org.testng.reporters.JUnitReportReporter -->
<testsuite hostname="Dineshkumar" failures="0" tests="2" name="com.testng.Cross_Browser_Test" time="4.081" errors="0" timestamp="2024-11-13T14:43:19 IST" skipped="0">
  <testcase classname="com.testng.Cross_Browser_Test" name="loginIntoFacebook" time="2.452"/>
  <testcase classname="com.testng.Cross_Browser_Test" name="loginIntoFacebook" time="1.629"/>
</testsuite> <!-- com.testng.Cross_Browser_Test -->
