<?xml version="1.0" encoding="UTF-8"?>
<!-- Generated by org.testng.reporters.JUnitReportReporter -->
<testsuite hostname="Dineshkumar" failures="0" tests="7" name="com.testng.Invocation_Count" time="0.014" errors="0" timestamp="2024-11-12T14:29:06 IST" skipped="0">
  <testcase classname="com.testng.Invocation_Count" name="mobileModel" time="0.000"/>
  <testcase classname="com.testng.Invocation_Count" name="mobileColor" time="0.006"/>
  <testcase classname="com.testng.Invocation_Count" name="mobileId" time="0.002"/>
  <testcase classname="com.testng.Invocation_Count" name="mobileModel" time="0.002"/>
  <testcase classname="com.testng.Invocation_Count" name="mobileModel" time="0.001"/>
  <testcase classname="com.testng.Invocation_Count" name="mobileModel" time="0.001"/>
  <testcase classname="com.testng.Invocation_Count" name="mobileNmae" time="0.002"/>
</testsuite> <!-- com.testng.Invocation_Count -->
