<?xml version="1.0" encoding="UTF-8"?>
<!-- Generated by org.testng.reporters.JUnitReportReporter -->
<testsuite hostname="Dineshkumar" failures="0" tests="3" name="com.testng.Parallel_Test" time="3.066" errors="0" timestamp="2024-11-13T14:16:36 IST" skipped="0">
  <testcase classname="com.testng.Parallel_Test" name="mobileId" time="1.517"/>
  <testcase classname="com.testng.Parallel_Test" name="mobileColor" time="0.531"/>
  <testcase classname="com.testng.Parallel_Test" name="mobileNmae" time="1.018"/>
</testsuite> <!-- com.testng.Parallel_Test -->
