<?xml version="1.0" encoding="UTF-8"?>
<!-- Generated by org.testng.reporters.JUnitReportReporter -->
<testsuite hostname="Dineshkumar" failures="0" tests="4" name="com.testng.TimeUnit_Test" time="0.534" errors="0" timestamp="2024-11-12T14:37:36 IST" skipped="0">
  <testcase classname="com.testng.TimeUnit_Test" name="mobileNmae" time="0.001"/>
  <testcase classname="com.testng.TimeUnit_Test" name="mobileModel" time="0.000"/>
  <testcase classname="com.testng.TimeUnit_Test" name="mobileId" time="0.003"/>
  <testcase classname="com.testng.TimeUnit_Test" name="mobileColor" time="0.530"/>
</testsuite> <!-- com.testng.TimeUnit_Test -->
