<?xml version="1.0" encoding="UTF-8"?>
<!-- Generated by org.testng.reporters.JUnitReportReporter -->
<testsuite hostname="Dineshkumar" failures="0" tests="4" name="com.testng.Ignore_Test" time="0.010" errors="0" timestamp="2024-11-12T14:27:37 IST" skipped="2">
  <testcase classname="com.testng.Ignore_Test" name="mobileModel" time="0.010"/>
  <testcase classname="com.testng.Ignore_Test" name="mobileNmae" time="0.000"/>
  <testcase classname="com.testng.Ignore_Test" name="mobileId">
    <skipped/>
  </testcase> <!-- mobileId -->
  <testcase classname="com.testng.Ignore_Test" name="mobileColor">
    <skipped/>
  </testcase> <!-- mobileColor -->
</testsuite> <!-- com.testng.Ignore_Test -->
